<?xml version="1.0" encoding="UTF-8"?>
<!-- Generated by org.testng.reporters.JUnitReportReporter -->
<testsuite hostname="Sumit" failures="0" tests="2" name="rahulshettyacademy.Tests.SubmitOrderTest" time="14.454" errors="0" timestamp="2024-11-29T14:52:21 IST" skipped="0">
  <testcase classname="rahulshettyacademy.Tests.SubmitOrderTest" name="submitOrder" time="5.629"/>
  <testcase classname="rahulshettyacademy.Tests.SubmitOrderTest" name="submitOrder" time="8.825"/>
</testsuite> <!-- rahulshettyacademy.Tests.SubmitOrderTest -->
