<?xml version="1.0" encoding="UTF-8"?>
<!-- Generated by org.testng.reporters.JUnitReportReporter -->
<testsuite hostname="Sumit" failures="0" tests="2" name="rahulshettyacademy.Tests.SubmitOrderTest" time="17.195" errors="0" timestamp="2024-11-29T12:08:23 IST" skipped="0">
  <testcase classname="rahulshettyacademy.Tests.SubmitOrderTest" name="submitOrder" time="8.568"/>
  <testcase classname="rahulshettyacademy.Tests.SubmitOrderTest" name="submitOrder" time="8.627"/>
</testsuite> <!-- rahulshettyacademy.Tests.SubmitOrderTest -->
